Using pre-set license
Built from '2021.3/staging' branch; Version is '2021.3.25f1 (68ef2c4f8861) revision 6876972'; Using compiler version '192829333'; Build Type 'Release'
OS: 'Windows 11  (10.0.22621) 64bit Enterprise' Language: 'en' Physical Memory: 16120 MB
BatchMode: 1, IsHumanControllingUs: 0, StartBugReporterOnCrash: 0, Is64bit: 1, IsPro: 1

COMMAND LINE ARGUMENTS:
C:\Program Files\Unity\Hub\Editor\2021.3.25f1\Editor\Unity.exe
-adb2
-batchMode
-noUpm
-name
AssetImportWorker0
-projectPath
C:/Users/ziobroa/Documents/GitHub/VR-Jam
-logFile
Logs/AssetImportWorker0.log
-srvPort
65124
Successfully changed project path to: C:/Users/ziobroa/Documents/GitHub/VR-Jam
C:/Users/ziobroa/Documents/GitHub/VR-Jam
[UnityMemory] Configuration Parameters - Can be set up in boot.config
    "memorysetup-bucket-allocator-granularity=16"
    "memorysetup-bucket-allocator-bucket-count=8"
    "memorysetup-bucket-allocator-block-size=33554432"
    "memorysetup-bucket-allocator-block-count=8"
    "memorysetup-main-allocator-block-size=16777216"
    "memorysetup-thread-allocator-block-size=16777216"
    "memorysetup-gfx-main-allocator-block-size=16777216"
    "memorysetup-gfx-thread-allocator-block-size=16777216"
    "memorysetup-cache-allocator-block-size=4194304"
    "memorysetup-typetree-allocator-block-size=2097152"
    "memorysetup-profiler-bucket-allocator-granularity=16"
    "memorysetup-profiler-bucket-allocator-bucket-count=8"
    "memorysetup-profiler-bucket-allocator-block-size=33554432"
    "memorysetup-profiler-bucket-allocator-block-count=8"
    "memorysetup-profiler-allocator-block-size=16777216"
    "memorysetup-profiler-editor-allocator-block-size=1048576"
    "memorysetup-temp-allocator-size-main=16777216"
    "memorysetup-job-temp-allocator-block-size=2097152"
    "memorysetup-job-temp-allocator-block-size-background=1048576"
    "memorysetup-job-temp-allocator-reduction-small-platforms=262144"
    "memorysetup-temp-allocator-size-background-worker=32768"
    "memorysetup-temp-allocator-size-job-worker=262144"
    "memorysetup-temp-allocator-size-preload-manager=33554432"
    "memorysetup-temp-allocator-size-nav-mesh-worker=65536"
    "memorysetup-temp-allocator-size-audio-worker=65536"
    "memorysetup-temp-allocator-size-cloud-worker=32768"
    "memorysetup-temp-allocator-size-gi-baking-worker=262144"
    "memorysetup-temp-allocator-size-gfx=262144"
Player connection [5484] Host "[IP] 10.220.33.222 [Port] 0 [Flags] 2 [Guid] 4202574379 [EditorId] 4202574379 [Version] 1048832 [Id] WindowsEditor(7,BY2027A88008336) [Debug] 1 [PackageName] WindowsEditor [ProjectName] Editor" joined multi-casting on [225.0.0.222:54997]...

Player connection [5484] Host "[IP] 10.220.33.222 [Port] 0 [Flags] 2 [Guid] 4202574379 [EditorId] 4202574379 [Version] 1048832 [Id] WindowsEditor(7,BY2027A88008336) [Debug] 1 [PackageName] WindowsEditor [ProjectName] Editor" joined alternative multi-casting on [225.0.0.222:34997]...

Refreshing native plugins compatible for Editor in 304.87 ms, found 14 plugins.
Preloading 1 native plugins for Editor in 1.55 ms.
Initialize engine version: 2021.3.25f1 (68ef2c4f8861)
[Subsystems] Discovering subsystems at path C:/Program Files/Unity/Hub/Editor/2021.3.25f1/Editor/Data/Resources/UnitySubsystems
[Subsystems] Discovering subsystems at path C:/Users/ziobroa/Documents/GitHub/VR-Jam/Assets
GfxDevice: creating device client; threaded=0; jobified=0
Direct3D:
    Version:  Direct3D 11.0 [level 11.1]
    Renderer: NVIDIA GeForce GTX 1650 Ti with Max-Q Design (ID=0x1f95)
    Vendor:   NVIDIA
    VRAM:     3949 MB
    Driver:   31.0.15.2802
Shader 'Oculus/OVRMRCameraFrameLit': fallback shader 'Alpha-Diffuse' not found
Initialize mono
Mono path[0] = 'C:/Program Files/Unity/Hub/Editor/2021.3.25f1/Editor/Data/Managed'
Mono path[1] = 'C:/Program Files/Unity/Hub/Editor/2021.3.25f1/Editor/Data/MonoBleedingEdge/lib/mono/unityjit-win32'
Mono config path = 'C:/Program Files/Unity/Hub/Editor/2021.3.25f1/Editor/Data/MonoBleedingEdge/etc'
Using monoOptions --debugger-agent=transport=dt_socket,embedding=1,server=y,suspend=n,address=127.0.0.1:56580
Begin MonoManager ReloadAssembly
Registering precompiled unity dll's ...
Register platform support module: C:/Program Files/Unity/Hub/Editor/2021.3.25f1/Editor/Data/PlaybackEngines/WindowsStandaloneSupport/UnityEditor.WindowsStandalone.Extensions.dll
Registered in 0.009164 seconds.
Native extension for WindowsStandalone target not found
Refreshing native plugins compatible for Editor in 203.16 ms, found 14 plugins.
Preloading 1 native plugins for Editor in 0.20 ms.
Mono: successfully reloaded assembly
- Completed reload, in  1.099 seconds
Domain Reload Profiling:
	ReloadAssembly (1100ms)
		BeginReloadAssembly (121ms)
			ExecutionOrderSort (0ms)
			DisableScriptedObjects (0ms)
			BackupInstance (0ms)
			ReleaseScriptingObjects (0ms)
			CreateAndSetChildDomain (1ms)
		EndReloadAssembly (812ms)
			LoadAssemblies (118ms)
			RebuildTransferFunctionScriptingTraits (0ms)
			SetupTypeCache (177ms)
			ReleaseScriptCaches (0ms)
			RebuildScriptCaches (44ms)
			SetupLoadedEditorAssemblies (517ms)
				LogAssemblyErrors (0ms)
				InitializePlatformSupportModulesInManaged (12ms)
				SetLoadedEditorAssemblies (0ms)
				RefreshPlugins (203ms)
				BeforeProcessingInitializeOnLoad (2ms)
				ProcessInitializeOnLoadAttributes (231ms)
				ProcessInitializeOnLoadMethodAttributes (67ms)
				AfterProcessingInitializeOnLoad (0ms)
				EditorAssembliesLoaded (0ms)
			ExecutionOrderSort2 (0ms)
			AwakeInstancesAfterBackupRestoration (0ms)
Platform modules already initialized, skipping
Registering precompiled user dll's ...
Registered in 0.013242 seconds.
Begin MonoManager ReloadAssembly
Symbol file LoadedFromMemory doesn't match image C:\Users\ziobroa\Documents\GitHub\VR-Jam\Library\PackageCache\com.unity.visualscripting@1.8.0\Editor\VisualScripting.Core\Dependencies\DotNetZip\Unity.VisualScripting.IonicZip.dll
Symbol file LoadedFromMemory doesn't match image C:\Users\ziobroa\Documents\GitHub\VR-Jam\Library\PackageCache\com.unity.visualscripting@1.8.0\Editor\VisualScripting.Core\Dependencies\YamlDotNet\Unity.VisualScripting.YamlDotNet.dll
Native extension for WindowsStandalone target not found
Refreshing native plugins compatible for Editor in 252.22 ms, found 14 plugins.
Preloading 1 native plugins for Editor in 0.18 ms.
Package Manager log level set to [2]
[XR] OculusXRPlugin: registering subsystems
[XR] Unable to register display lifecyle provider: [1]
[XR] Oculus Input lifecycle provider registered.
[XR] Unable to register input lifecyle provider: [1]
[XR] OVRP version 1.86.1
Mono: successfully reloaded assembly
- Completed reload, in  2.645 seconds
Domain Reload Profiling:
	ReloadAssembly (2646ms)
		BeginReloadAssembly (194ms)
			ExecutionOrderSort (0ms)
			DisableScriptedObjects (8ms)
			BackupInstance (0ms)
			ReleaseScriptingObjects (0ms)
			CreateAndSetChildDomain (31ms)
		EndReloadAssembly (2281ms)
			LoadAssemblies (206ms)
			RebuildTransferFunctionScriptingTraits (0ms)
			SetupTypeCache (656ms)
			ReleaseScriptCaches (2ms)
			RebuildScriptCaches (152ms)
			SetupLoadedEditorAssemblies (1190ms)
				LogAssemblyErrors (0ms)
				InitializePlatformSupportModulesInManaged (9ms)
				SetLoadedEditorAssemblies (1ms)
				RefreshPlugins (253ms)
				BeforeProcessingInitializeOnLoad (237ms)
				ProcessInitializeOnLoadAttributes (636ms)
				ProcessInitializeOnLoadMethodAttributes (45ms)
				AfterProcessingInitializeOnLoad (8ms)
				EditorAssembliesLoaded (0ms)
			ExecutionOrderSort2 (0ms)
			AwakeInstancesAfterBackupRestoration (10ms)
Platform modules already initialized, skipping
========================================================================
Worker process is ready to serve import requests
Shader 'Oculus/OVRMRCameraFrameLit': fallback shader 'Alpha-Diffuse' not found
Launched and connected shader compiler UnityShaderCompiler.exe after 0.10 seconds
Refreshing native plugins compatible for Editor in 3.22 ms, found 14 plugins.
Preloading 1 native plugins for Editor in 0.21 ms.
Unloading 5451 Unused Serialized files (Serialized files now loaded: 0)
Unloading 80 unused Assets / (146.1 KB). Loaded Objects now: 5866.
Memory consumption went from 198.9 MB to 198.8 MB.
Total: 9.207700 ms (FindLiveObjects: 0.715200 ms CreateObjectMapping: 0.571800 ms MarkObjects: 7.514100 ms  DeleteObjects: 0.404000 ms)

AssetImportParameters requested are different than current active one (requested -> active):
  custom:video-decoder-ogg-theora: a1e56fd34408186e4bbccfd4996cb3dc -> 
  custom:container-muxer-webm: aa71ff27fc2769a1b78a27578f13a17b -> 
  custom:container-demuxer-webm: 4f35f7cbe854078d1ac9338744f61a02 -> 
  custom:video-encoder-webm-vp8: eb34c28f22e8b96e1ab97ce403110664 -> 
  custom:audio-encoder-webm-vorbis: bf7c407c2cedff20999df2af8eb42d56 -> 
  custom:framework-win-MediaFoundation: 216162199b28c13a410421893ffa2e32 -> 
  custom:container-demuxer-ogg: 62fdf1f143b41e24485cea50d1cbac27 -> 
  custom:video-decoder-webm-vp8: 9c59270c3fd7afecdb556c50c9e8de78 -> 
  custom:audio-decoder-ogg-vorbis: bf7c407c2cedff20999df2af8eb42d56 -> 
========================================================================
Received Import Request.
  Time since last request: 92459.054908 seconds.
  path: Assets/Polygon-City Megapolis/POLY-CityMegapolis-FBX-Textures.zip
  artifactKey: Guid(c9ffb2ad5f4d2db44816f2d01620f3e6) Importer(815301076,1909f56bfc062723c751e8b465ee728b)
Start importing Assets/Polygon-City Megapolis/POLY-CityMegapolis-FBX-Textures.zip using Guid(c9ffb2ad5f4d2db44816f2d01620f3e6) Importer(815301076,1909f56bfc062723c751e8b465ee728b)  -> (artifact id: 'c3c687080b264bb38e06d80d76b3c0f8') in 0.096662 seconds 
========================================================================
Received Import Request.
  Time since last request: 153.936145 seconds.
  path: Assets/Oculus/OculusProjectConfig.asset
  artifactKey: Guid(78bdf13a4ca1b0a43ae0a9e7965fca08) Importer(815301076,1909f56bfc062723c751e8b465ee728b)
Start importing Assets/Oculus/OculusProjectConfig.asset using Guid(78bdf13a4ca1b0a43ae0a9e7965fca08) Importer(815301076,1909f56bfc062723c751e8b465ee728b)  -> (artifact id: '7f0b49dad1e74242c6b5a93ac512abfd') in 0.014282 seconds 
========================================================================
Received Import Request.
  Time since last request: 68.165745 seconds.
  path: Assets/Polygon-City Megapolis/Prefab
  artifactKey: Guid(e8a4552c32d8aba4abb47d8682385ca9) Importer(815301076,1909f56bfc062723c751e8b465ee728b)
Start importing Assets/Polygon-City Megapolis/Prefab using Guid(e8a4552c32d8aba4abb47d8682385ca9) Importer(815301076,1909f56bfc062723c751e8b465ee728b)  -> (artifact id: '2fb0d4b4ae73918c4ae0a2b98fb17ede') in 0.012511 seconds 
========================================================================
Received Import Request.
  Time since last request: 4.384597 seconds.
  path: Assets/Polygon-City Megapolis/Scene
  artifactKey: Guid(8a3490e4be66349499b9e07377b023f1) Importer(815301076,1909f56bfc062723c751e8b465ee728b)
Start importing Assets/Polygon-City Megapolis/Scene using Guid(8a3490e4be66349499b9e07377b023f1) Importer(815301076,1909f56bfc062723c751e8b465ee728b)  -> (artifact id: '0430a6dce09ca3b28a77707bb8513739') in 0.008844 seconds 
========================================================================
Received Import Request.
  Time since last request: 3.444764 seconds.
  path: Assets/Polygon-City Megapolis/Materials
  artifactKey: Guid(14f764a1b68a98642b9f27b93abe09d3) Importer(815301076,1909f56bfc062723c751e8b465ee728b)
Start importing Assets/Polygon-City Megapolis/Materials using Guid(14f764a1b68a98642b9f27b93abe09d3) Importer(815301076,1909f56bfc062723c751e8b465ee728b)  -> (artifact id: '67fd95f9faf9cbfa3a25f89ef9b9aab3') in 0.010448 seconds 
========================================================================
Received Import Request.
  Time since last request: 0.201847 seconds.
  path: Assets/Polygon-City Megapolis/Materials/Bg.mat
  artifactKey: Guid(7da21836f2d98274cb83cb51b60ded1e) Importer(815301076,1909f56bfc062723c751e8b465ee728b)
Start importing Assets/Polygon-City Megapolis/Materials/Bg.mat using Guid(7da21836f2d98274cb83cb51b60ded1e) Importer(815301076,1909f56bfc062723c751e8b465ee728b)  -> (artifact id: '518efae29effb5519cc7485117a507d5') in 0.130171 seconds 
========================================================================
Received Import Request.
  Time since last request: 0.000031 seconds.
  path: Assets/Polygon-City Megapolis/Materials/Reflection.mat
  artifactKey: Guid(e0362b9cc4bd9294b92434692f35ce70) Importer(815301076,1909f56bfc062723c751e8b465ee728b)
Start importing Assets/Polygon-City Megapolis/Materials/Reflection.mat using Guid(e0362b9cc4bd9294b92434692f35ce70) Importer(815301076,1909f56bfc062723c751e8b465ee728b)  -> (artifact id: '8dbde1319bf41d624e0f64a0a65033f7') in 0.295968 seconds 
========================================================================
Received Import Request.
  Time since last request: 0.000051 seconds.
  path: Assets/Polygon-City Megapolis/Materials/Mirror.mat
  artifactKey: Guid(00ed8d017346773499dada5912c495c8) Importer(815301076,1909f56bfc062723c751e8b465ee728b)
Start importing Assets/Polygon-City Megapolis/Materials/Mirror.mat using Guid(00ed8d017346773499dada5912c495c8) Importer(815301076,1909f56bfc062723c751e8b465ee728b)  -> (artifact id: 'b89279bcce6212575f9747623871dc58') in 0.020174 seconds 
========================================================================
Received Import Request.
  Time since last request: 0.000075 seconds.
  path: Assets/Polygon-City Megapolis/Materials/NightWindowSkyTower.mat
  artifactKey: Guid(302914f8430acfe49bfff4d1ed08739d) Importer(815301076,1909f56bfc062723c751e8b465ee728b)
Start importing Assets/Polygon-City Megapolis/Materials/NightWindowSkyTower.mat using Guid(302914f8430acfe49bfff4d1ed08739d) Importer(815301076,1909f56bfc062723c751e8b465ee728b)  -> (artifact id: 'b68f4227602bc2eb8f6c75d2dfbff1b2') in 0.101379 seconds 
========================================================================
Received Import Request.
  Time since last request: 0.000033 seconds.
  path: Assets/Polygon-City Megapolis/Materials/YellowSmooth.mat
  artifactKey: Guid(6e1d36c4bbd37d54f9ea183e4f5fd656) Importer(815301076,1909f56bfc062723c751e8b465ee728b)
Start importing Assets/Polygon-City Megapolis/Materials/YellowSmooth.mat using Guid(6e1d36c4bbd37d54f9ea183e4f5fd656) Importer(815301076,1909f56bfc062723c751e8b465ee728b)  -> (artifact id: '9c4dd1c02a405bee57b1223585f00376') in 0.264315 seconds 
========================================================================
Received Import Request.
  Time since last request: 0.000035 seconds.
  path: Assets/Polygon-City Megapolis/Materials/NightWindow.mat
  artifactKey: Guid(5b0ac01d49e74de40b1838ffda4aed4c) Importer(815301076,1909f56bfc062723c751e8b465ee728b)
Start importing Assets/Polygon-City Megapolis/Materials/NightWindow.mat using Guid(5b0ac01d49e74de40b1838ffda4aed4c) Importer(815301076,1909f56bfc062723c751e8b465ee728b)  -> (artifact id: '58752b731df93fda8c84914b926a32b7') in 0.021617 seconds 
========================================================================
Received Import Request.
  Time since last request: 0.000048 seconds.
  path: Assets/Polygon-City Megapolis/Materials/MainMaterial.mat
  artifactKey: Guid(a7e7e45efba66a546a27014f9d383832) Importer(815301076,1909f56bfc062723c751e8b465ee728b)
Start importing Assets/Polygon-City Megapolis/Materials/MainMaterial.mat using Guid(a7e7e45efba66a546a27014f9d383832) Importer(815301076,1909f56bfc062723c751e8b465ee728b)  -> (artifact id: 'e4e88a0b886104709a5fcd66db007375') in 0.188758 seconds 
========================================================================
Received Import Request.
  Time since last request: 0.561190 seconds.
  path: Assets/Polygon-City Megapolis/Demo_Night_Profiles
  artifactKey: Guid(68df700476229c7468a60f97b556d9bc) Importer(815301076,1909f56bfc062723c751e8b465ee728b)
Start importing Assets/Polygon-City Megapolis/Demo_Night_Profiles using Guid(68df700476229c7468a60f97b556d9bc) Importer(815301076,1909f56bfc062723c751e8b465ee728b)  -> (artifact id: 'a8370b52c8d80174b1404451bd21ca1a') in 0.010826 seconds 
========================================================================
Received Import Request.
  Time since last request: 0.132867 seconds.
  path: Assets/Polygon-City Megapolis/Demo_Night_Profiles/Night.asset
  artifactKey: Guid(789fd1b470f6aa74d8787f74a5f2e8ea) Importer(815301076,1909f56bfc062723c751e8b465ee728b)
Start importing Assets/Polygon-City Megapolis/Demo_Night_Profiles/Night.asset using Guid(789fd1b470f6aa74d8787f74a5f2e8ea) Importer(815301076,1909f56bfc062723c751e8b465ee728b)  -> (artifact id: '30c39d555c0ffc91d0c7ddc53ee64fc2') in 0.010379 seconds 
========================================================================
Received Import Request.
  Time since last request: 1.934445 seconds.
  path: Assets/Polygon-City Megapolis/Demo_Day_Profiles
  artifactKey: Guid(86e996372e395d14aa59eb4299669e49) Importer(815301076,1909f56bfc062723c751e8b465ee728b)
Start importing Assets/Polygon-City Megapolis/Demo_Day_Profiles using Guid(86e996372e395d14aa59eb4299669e49) Importer(815301076,1909f56bfc062723c751e8b465ee728b)  -> (artifact id: 'f3e910b9509988186b017f876287698b') in 0.013200 seconds 
========================================================================
Received Import Request.
  Time since last request: 0.076387 seconds.
  path: Assets/Polygon-City Megapolis/Demo_Day_Profiles/Day.asset
  artifactKey: Guid(935643049168167438499a63f54139e3) Importer(815301076,1909f56bfc062723c751e8b465ee728b)
Start importing Assets/Polygon-City Megapolis/Demo_Day_Profiles/Day.asset using Guid(935643049168167438499a63f54139e3) Importer(815301076,1909f56bfc062723c751e8b465ee728b)  -> (artifact id: '994dcc415334ae0d0b943a0f93111f56') in 0.010750 seconds 
========================================================================
Received Import Request.
  Time since last request: 12.158072 seconds.
  path: Assets/Polygon-City Megapolis/Prefab/Landscape/SM_bush_02.prefab
  artifactKey: Guid(e5b9b9c8f1754124dac8ad7cbb8511bf) Importer(815301076,1909f56bfc062723c751e8b465ee728b)
Start importing Assets/Polygon-City Megapolis/Prefab/Landscape/SM_bush_02.prefab using Guid(e5b9b9c8f1754124dac8ad7cbb8511bf) Importer(815301076,1909f56bfc062723c751e8b465ee728b)  -> (artifact id: 'a278799d35f5e163e2cf14002cb5176b') in 0.033432 seconds 
========================================================================
Received Import Request.
  Time since last request: 0.000034 seconds.
  path: Assets/Polygon-City Megapolis/Prefab/Landscape/SM_Land_02_B.prefab
  artifactKey: Guid(33f0c773c5996a34cb4883c68d1592e3) Importer(815301076,1909f56bfc062723c751e8b465ee728b)
Start importing Assets/Polygon-City Megapolis/Prefab/Landscape/SM_Land_02_B.prefab using Guid(33f0c773c5996a34cb4883c68d1592e3) Importer(815301076,1909f56bfc062723c751e8b465ee728b)  -> (artifact id: '0cf03f664b92b714f5e9214a956ab4db') in 0.021316 seconds 
========================================================================
Received Import Request.
  Time since last request: 0.000027 seconds.
  path: Assets/Polygon-City Megapolis/Prefab/Landscape/SM_hight_tree_14.prefab
  artifactKey: Guid(069ca3c2b43309e4fb2dbf253c4a0578) Importer(815301076,1909f56bfc062723c751e8b465ee728b)
Start importing Assets/Polygon-City Megapolis/Prefab/Landscape/SM_hight_tree_14.prefab using Guid(069ca3c2b43309e4fb2dbf253c4a0578) Importer(815301076,1909f56bfc062723c751e8b465ee728b)  -> (artifact id: '84fcb8f952df6304330fefaa4dd65090') in 0.022269 seconds 
========================================================================
Received Import Request.
  Time since last request: 0.000028 seconds.
  path: Assets/Polygon-City Megapolis/Prefab/Landscape/SM_hight_tree_16.prefab
  artifactKey: Guid(ff73b04f802fc454386fd276671a5bb1) Importer(815301076,1909f56bfc062723c751e8b465ee728b)
Start importing Assets/Polygon-City Megapolis/Prefab/Landscape/SM_hight_tree_16.prefab using Guid(ff73b04f802fc454386fd276671a5bb1) Importer(815301076,1909f56bfc062723c751e8b465ee728b)  -> (artifact id: 'e7ed69a89e5bde71845d685d7f680dc9') in 0.024259 seconds 
========================================================================
Received Import Request.
  Time since last request: 0.000034 seconds.
  path: Assets/Polygon-City Megapolis/Prefab/Landscape/SM_flower_01.prefab
  artifactKey: Guid(40c92daf469970946a61d4dbd89ea12b) Importer(815301076,1909f56bfc062723c751e8b465ee728b)
Start importing Assets/Polygon-City Megapolis/Prefab/Landscape/SM_flower_01.prefab using Guid(40c92daf469970946a61d4dbd89ea12b) Importer(815301076,1909f56bfc062723c751e8b465ee728b)  -> (artifact id: '309ec9fcf7e357e99e43ad1a748ccd55') in 0.023118 seconds 
========================================================================
Received Import Request.
  Time since last request: 0.000039 seconds.
  path: Assets/Polygon-City Megapolis/Prefab/Landscape/SM_hight_tree_10.prefab
  artifactKey: Guid(c73ccb734a94f1149b8155438e35d6ca) Importer(815301076,1909f56bfc062723c751e8b465ee728b)
Start importing Assets/Polygon-City Megapolis/Prefab/Landscape/SM_hight_tree_10.prefab using Guid(c73ccb734a94f1149b8155438e35d6ca) Importer(815301076,1909f56bfc062723c751e8b465ee728b)  -> (artifact id: '62472c05a433ed801a8a909d1338851b') in 0.024475 seconds 
========================================================================
Received Import Request.
  Time since last request: 0.000073 seconds.
  path: Assets/Polygon-City Megapolis/Prefab/Landscape/SM_hight_tree_17.prefab
  artifactKey: Guid(bec8d211216c8774e93920dc04e7a1cc) Importer(815301076,1909f56bfc062723c751e8b465ee728b)
Start importing Assets/Polygon-City Megapolis/Prefab/Landscape/SM_hight_tree_17.prefab using Guid(bec8d211216c8774e93920dc04e7a1cc) Importer(815301076,1909f56bfc062723c751e8b465ee728b)  -> (artifact id: '22124124f348b8c0178c0e1d0aef1030') in 0.027119 seconds 
========================================================================
Received Import Request.
  Time since last request: 0.000036 seconds.
  path: Assets/Polygon-City Megapolis/Prefab/Landscape/SM_flower_bed_01.prefab
  artifactKey: Guid(9479f14dd56428f479994c013a66cc85) Importer(815301076,1909f56bfc062723c751e8b465ee728b)
Start importing Assets/Polygon-City Megapolis/Prefab/Landscape/SM_flower_bed_01.prefab using Guid(9479f14dd56428f479994c013a66cc85) Importer(815301076,1909f56bfc062723c751e8b465ee728b)  -> (artifact id: '9f19e9fcc09533eded0e9dc447269a86') in 0.022416 seconds 
========================================================================
Received Import Request.
  Time since last request: 0.000030 seconds.
  path: Assets/Polygon-City Megapolis/Prefab/Landscape/SM_hight_tree_11.prefab
  artifactKey: Guid(95d78a9ea0fe69345add78578906d4f2) Importer(815301076,1909f56bfc062723c751e8b465ee728b)
Start importing Assets/Polygon-City Megapolis/Prefab/Landscape/SM_hight_tree_11.prefab using Guid(95d78a9ea0fe69345add78578906d4f2) Importer(815301076,1909f56bfc062723c751e8b465ee728b)  -> (artifact id: 'ff309c29c4207ec400245a89c0c5247d') in 0.020317 seconds 
========================================================================
Received Import Request.
  Time since last request: 0.000035 seconds.
  path: Assets/Polygon-City Megapolis/Prefab/Landscape/SM_Land_03_A.prefab
  artifactKey: Guid(c3a5098261e301e4e8e6eb311cb34660) Importer(815301076,1909f56bfc062723c751e8b465ee728b)
Start importing Assets/Polygon-City Megapolis/Prefab/Landscape/SM_Land_03_A.prefab using Guid(c3a5098261e301e4e8e6eb311cb34660) Importer(815301076,1909f56bfc062723c751e8b465ee728b)  -> (artifact id: 'ae707076ce8a893f1cacf4980930a4e0') in 0.019193 seconds 
========================================================================
Received Import Request.
  Time since last request: 0.000034 seconds.
  path: Assets/Polygon-City Megapolis/Prefab/Landscape/SM_hight_tree_15.prefab
  artifactKey: Guid(88d4ad8cf2f9db846b039e53eb7902c9) Importer(815301076,1909f56bfc062723c751e8b465ee728b)
Start importing Assets/Polygon-City Megapolis/Prefab/Landscape/SM_hight_tree_15.prefab using Guid(88d4ad8cf2f9db846b039e53eb7902c9) Importer(815301076,1909f56bfc062723c751e8b465ee728b)  -> (artifact id: '1e35fe25005cb3a496fb5a1e4e98e39f') in 0.029662 seconds 
========================================================================
Received Import Request.
  Time since last request: 0.000034 seconds.
  path: Assets/Polygon-City Megapolis/Prefab/Landscape/SM_high_grass_01.prefab
  artifactKey: Guid(b8c08e9315d806f46a9f92b2de567aec) Importer(815301076,1909f56bfc062723c751e8b465ee728b)
Start importing Assets/Polygon-City Megapolis/Prefab/Landscape/SM_high_grass_01.prefab using Guid(b8c08e9315d806f46a9f92b2de567aec) Importer(815301076,1909f56bfc062723c751e8b465ee728b)  -> (artifact id: '103938bc3bd0556e0e742da1071001ed') in 0.024246 seconds 
========================================================================
Received Import Request.
  Time since last request: 0.000032 seconds.
  path: Assets/Polygon-City Megapolis/Prefab/Landscape/SM_hight_tree_12.prefab
  artifactKey: Guid(2c9b95934154d0f4b9906e9d6232aa64) Importer(815301076,1909f56bfc062723c751e8b465ee728b)
Start importing Assets/Polygon-City Megapolis/Prefab/Landscape/SM_hight_tree_12.prefab using Guid(2c9b95934154d0f4b9906e9d6232aa64) Importer(815301076,1909f56bfc062723c751e8b465ee728b)  -> (artifact id: '6bf0f7ccfda9ed9de9b02fdd0b62c116') in 0.023366 seconds 
========================================================================
Received Import Request.
  Time since last request: 0.000037 seconds.
  path: Assets/Polygon-City Megapolis/Prefab/Landscape/SM_Land_03_B.prefab
  artifactKey: Guid(e0ced500c91a3004ba2554b3379bfd7f) Importer(815301076,1909f56bfc062723c751e8b465ee728b)
Start importing Assets/Polygon-City Megapolis/Prefab/Landscape/SM_Land_03_B.prefab using Guid(e0ced500c91a3004ba2554b3379bfd7f) Importer(815301076,1909f56bfc062723c751e8b465ee728b)  -> (artifact id: '4e6325c46743ef86372f8b1d3346be52') in 0.023949 seconds 
========================================================================
Received Import Request.
  Time since last request: 0.000024 seconds.
  path: Assets/Polygon-City Megapolis/Prefab/Landscape/SM_ground_05.prefab
  artifactKey: Guid(149ebe3fe53210a49a6effaf0f71bcd8) Importer(815301076,1909f56bfc062723c751e8b465ee728b)
Start importing Assets/Polygon-City Megapolis/Prefab/Landscape/SM_ground_05.prefab using Guid(149ebe3fe53210a49a6effaf0f71bcd8) Importer(815301076,1909f56bfc062723c751e8b465ee728b)  -> (artifact id: 'b4d02a1ea3b85178d3fb64965191db66') in 0.021499 seconds 
========================================================================
Received Import Request.
  Time since last request: 0.000057 seconds.
  path: Assets/Polygon-City Megapolis/Prefab/Landscape/SM_bush_04.prefab
  artifactKey: Guid(1078529b81dd5fb4ca0f8d674a2ad090) Importer(815301076,1909f56bfc062723c751e8b465ee728b)
Start importing Assets/Polygon-City Megapolis/Prefab/Landscape/SM_bush_04.prefab using Guid(1078529b81dd5fb4ca0f8d674a2ad090) Importer(815301076,1909f56bfc062723c751e8b465ee728b)  -> (artifact id: '70cf541ee992fb2740be7f4f67876757') in 0.020916 seconds 
========================================================================
Received Import Request.
  Time since last request: 0.000027 seconds.
  path: Assets/Polygon-City Megapolis/Prefab/Landscape/SM_Land_01_D.prefab
  artifactKey: Guid(732e78fe1b0c7c64c97c92b32eecdedc) Importer(815301076,1909f56bfc062723c751e8b465ee728b)
Start importing Assets/Polygon-City Megapolis/Prefab/Landscape/SM_Land_01_D.prefab using Guid(732e78fe1b0c7c64c97c92b32eecdedc) Importer(815301076,1909f56bfc062723c751e8b465ee728b)  -> (artifact id: '9a183be607c23df11067312247a1f889') in 0.023718 seconds 
========================================================================
Received Import Request.
  Time since last request: 0.000046 seconds.
  path: Assets/Polygon-City Megapolis/Prefab/Landscape/SM_hight_tree_02.prefab
  artifactKey: Guid(1da2685bf62fd9f48a9d3824c7148ce3) Importer(815301076,1909f56bfc062723c751e8b465ee728b)
Start importing Assets/Polygon-City Megapolis/Prefab/Landscape/SM_hight_tree_02.prefab using Guid(1da2685bf62fd9f48a9d3824c7148ce3) Importer(815301076,1909f56bfc062723c751e8b465ee728b)  -> (artifact id: '384331f4c20ddee6b60b6207f5896b8b') in 0.024275 seconds 
========================================================================
Received Import Request.
  Time since last request: 0.000072 seconds.
  path: Assets/Polygon-City Megapolis/Prefab/Landscape/SM_Land_02_C.prefab
  artifactKey: Guid(e0e8791b851f9834cac007f73979f8a6) Importer(815301076,1909f56bfc062723c751e8b465ee728b)
Start importing Assets/Polygon-City Megapolis/Prefab/Landscape/SM_Land_02_C.prefab using Guid(e0e8791b851f9834cac007f73979f8a6) Importer(815301076,1909f56bfc062723c751e8b465ee728b)  -> (artifact id: '8ca5538704431555c8fc2d431c269970') in 0.023724 seconds 
========================================================================
Received Import Request.
  Time since last request: 0.000042 seconds.
  path: Assets/Polygon-City Megapolis/Prefab/Landscape/SM_hight_tree_03.prefab
  artifactKey: Guid(5dd3d6ec3cc432643806506adc343417) Importer(815301076,1909f56bfc062723c751e8b465ee728b)
Start importing Assets/Polygon-City Megapolis/Prefab/Landscape/SM_hight_tree_03.prefab using Guid(5dd3d6ec3cc432643806506adc343417) Importer(815301076,1909f56bfc062723c751e8b465ee728b)  -> (artifact id: '23bd03e2e7d026678181faef9c566e31') in 0.026660 seconds 
========================================================================
Received Import Request.
  Time since last request: 0.000067 seconds.
  path: Assets/Polygon-City Megapolis/Prefab/Landscape/SM_Land_04_B.prefab
  artifactKey: Guid(9ee213da984c2bf4f844b8a2d8c6b44d) Importer(815301076,1909f56bfc062723c751e8b465ee728b)
Start importing Assets/Polygon-City Megapolis/Prefab/Landscape/SM_Land_04_B.prefab using Guid(9ee213da984c2bf4f844b8a2d8c6b44d) Importer(815301076,1909f56bfc062723c751e8b465ee728b)  -> (artifact id: '447fa9f882c72a2e2f0052adb0612499') in 0.026803 seconds 
========================================================================
Received Import Request.
  Time since last request: 0.020436 seconds.
  path: Assets/Polygon-City Megapolis/Prefab/Landscape/SM_Land_04_D.prefab
  artifactKey: Guid(5e6935d01937b2948982a73e21f9eb15) Importer(815301076,1909f56bfc062723c751e8b465ee728b)
Start importing Assets/Polygon-City Megapolis/Prefab/Landscape/SM_Land_04_D.prefab using Guid(5e6935d01937b2948982a73e21f9eb15) Importer(815301076,1909f56bfc062723c751e8b465ee728b)  -> (artifact id: '76b0aa7004b0cf6b987ec743f4b65fe2') in 0.022506 seconds 
========================================================================
Received Import Request.
  Time since last request: 0.000039 seconds.
  path: Assets/Polygon-City Megapolis/Prefab/Landscape/SM_river_05.prefab
  artifactKey: Guid(7fa47c5aef3fd964c922096c58e733a9) Importer(815301076,1909f56bfc062723c751e8b465ee728b)
Start importing Assets/Polygon-City Megapolis/Prefab/Landscape/SM_river_05.prefab using Guid(7fa47c5aef3fd964c922096c58e733a9) Importer(815301076,1909f56bfc062723c751e8b465ee728b)  -> (artifact id: '670ebb69e5feaefceb3574c1cdaae62f') in 0.024931 seconds 
========================================================================
Received Import Request.
  Time since last request: 0.000038 seconds.
  path: Assets/Polygon-City Megapolis/Prefab/Landscape/SM_rock_01.prefab
  artifactKey: Guid(ac63ce07d878e554c9a99d468b878c07) Importer(815301076,1909f56bfc062723c751e8b465ee728b)
Start importing Assets/Polygon-City Megapolis/Prefab/Landscape/SM_rock_01.prefab using Guid(ac63ce07d878e554c9a99d468b878c07) Importer(815301076,1909f56bfc062723c751e8b465ee728b)  -> (artifact id: 'ada35d8a0f4db01d714ac3ccc2c7081c') in 0.023499 seconds 
========================================================================
Received Import Request.
  Time since last request: 0.000035 seconds.
  path: Assets/Polygon-City Megapolis/Prefab/Landscape/SM_Land_04_G.prefab
  artifactKey: Guid(79c9d05ce6e84674d97cff9ea3e89272) Importer(815301076,1909f56bfc062723c751e8b465ee728b)
Start importing Assets/Polygon-City Megapolis/Prefab/Landscape/SM_Land_04_G.prefab using Guid(79c9d05ce6e84674d97cff9ea3e89272) Importer(815301076,1909f56bfc062723c751e8b465ee728b)  -> (artifact id: 'fc84e1d0f71f2a2cf165136e72b05486') in 0.022515 seconds 
========================================================================
Received Import Request.
  Time since last request: 0.000040 seconds.
  path: Assets/Polygon-City Megapolis/Prefab/Landscape/SM_tall_plant_03.prefab
  artifactKey: Guid(1f99d46fb8d4994438e344ab5dc49da4) Importer(815301076,1909f56bfc062723c751e8b465ee728b)
Start importing Assets/Polygon-City Megapolis/Prefab/Landscape/SM_tall_plant_03.prefab using Guid(1f99d46fb8d4994438e344ab5dc49da4) Importer(815301076,1909f56bfc062723c751e8b465ee728b)  -> (artifact id: '042c2bf4a327a3dabb76acf807eed1fa') in 0.025899 seconds 
========================================================================
Received Import Request.
  Time since last request: 0.000055 seconds.
  path: Assets/Polygon-City Megapolis/Prefab/Landscape/SM_stone_01.prefab
  artifactKey: Guid(eabe9ccec22cf8c4eac62a8478368f13) Importer(815301076,1909f56bfc062723c751e8b465ee728b)
Start importing Assets/Polygon-City Megapolis/Prefab/Landscape/SM_stone_01.prefab using Guid(eabe9ccec22cf8c4eac62a8478368f13) Importer(815301076,1909f56bfc062723c751e8b465ee728b)  -> (artifact id: 'e70e2a3683cc87995c9c7909118a4012') in 0.026341 seconds 
========================================================================
Received Import Request.
  Time since last request: 0.000036 seconds.
  path: Assets/Polygon-City Megapolis/Prefab/Landscape/SM_river_02.prefab
  artifactKey: Guid(87b94750c668eb14e865055c13b4d840) Importer(815301076,1909f56bfc062723c751e8b465ee728b)
Start importing Assets/Polygon-City Megapolis/Prefab/Landscape/SM_river_02.prefab using Guid(87b94750c668eb14e865055c13b4d840) Importer(815301076,1909f56bfc062723c751e8b465ee728b)  -> (artifact id: '0cd6ee98fd4c0dab4767c7625552879f') in 0.019527 seconds 
========================================================================
Received Import Request.
  Time since last request: 0.000043 seconds.
  path: Assets/Polygon-City Megapolis/Prefab/Landscape/SM_path_04.prefab
  artifactKey: Guid(f51d60e9c6f40314aabd8d1fc71e16fd) Importer(815301076,1909f56bfc062723c751e8b465ee728b)
Start importing Assets/Polygon-City Megapolis/Prefab/Landscape/SM_path_04.prefab using Guid(f51d60e9c6f40314aabd8d1fc71e16fd) Importer(815301076,1909f56bfc062723c751e8b465ee728b)  -> (artifact id: 'd7226649aef8b07ada953319a2b88bee') in 0.022727 seconds 
========================================================================
Received Import Request.
  Time since last request: 0.000032 seconds.
  path: Assets/Polygon-City Megapolis/Prefab/Landscape/SM_moss_01.prefab
  artifactKey: Guid(5e001cd233125794dbe71ef44dedb6c2) Importer(815301076,1909f56bfc062723c751e8b465ee728b)
Start importing Assets/Polygon-City Megapolis/Prefab/Landscape/SM_moss_01.prefab using Guid(5e001cd233125794dbe71ef44dedb6c2) Importer(815301076,1909f56bfc062723c751e8b465ee728b)  -> (artifact id: '50ee5de3a939d905be2afce9928a1629') in 0.024578 seconds 
========================================================================
Received Import Request.
  Time since last request: 0.000028 seconds.
  path: Assets/Polygon-City Megapolis/Prefab/Landscape/SM_tall_plant_02.prefab
  artifactKey: Guid(9775ab39708c46843bb4282b5231ae25) Importer(815301076,1909f56bfc062723c751e8b465ee728b)
Start importing Assets/Polygon-City Megapolis/Prefab/Landscape/SM_tall_plant_02.prefab using Guid(9775ab39708c46843bb4282b5231ae25) Importer(815301076,1909f56bfc062723c751e8b465ee728b)  -> (artifact id: '09ee12a124a9a4eb6d51d56c19a29dd3') in 0.023668 seconds 
========================================================================
Received Import Request.
  Time since last request: 0.000044 seconds.
  path: Assets/Polygon-City Megapolis/Prefab/Landscape/SM_small_tee_06.prefab
  artifactKey: Guid(8734ce6fe5f58744286c0507af42f242) Importer(815301076,1909f56bfc062723c751e8b465ee728b)
Start importing Assets/Polygon-City Megapolis/Prefab/Landscape/SM_small_tee_06.prefab using Guid(8734ce6fe5f58744286c0507af42f242) Importer(815301076,1909f56bfc062723c751e8b465ee728b)  -> (artifact id: 'd80c3c065e12a91af2b8f3195a5e05f0') in 0.023760 seconds 
========================================================================
Received Import Request.
  Time since last request: 0.000048 seconds.
  path: Assets/Polygon-City Megapolis/Prefab/Landscape/SM_water_lily.prefab
  artifactKey: Guid(e99967bfe898634409688522780e73f4) Importer(815301076,1909f56bfc062723c751e8b465ee728b)
Start importing Assets/Polygon-City Megapolis/Prefab/Landscape/SM_water_lily.prefab using Guid(e99967bfe898634409688522780e73f4) Importer(815301076,1909f56bfc062723c751e8b465ee728b)  -> (artifact id: '195de0f96c9aa6f265780912baf04b2b') in 0.023384 seconds 
========================================================================
Received Import Request.
  Time since last request: 0.000026 seconds.
  path: Assets/Polygon-City Megapolis/Prefab/Landscape/SM_Land_04_F.prefab
  artifactKey: Guid(0db944f67cce8d844a9c8587318a1ad1) Importer(815301076,1909f56bfc062723c751e8b465ee728b)
Start importing Assets/Polygon-City Megapolis/Prefab/Landscape/SM_Land_04_F.prefab using Guid(0db944f67cce8d844a9c8587318a1ad1) Importer(815301076,1909f56bfc062723c751e8b465ee728b)  -> (artifact id: 'f06fd931d85c565a76b287116d5e634f') in 0.020054 seconds 
========================================================================
Received Import Request.
  Time since last request: 31.640640 seconds.
  path: Assets/Polygon-City Megapolis/Prefab/Sea/SM_bathyscaphe.prefab
  artifactKey: Guid(7b3f2459bd8f0d04292769ab4e4416da) Importer(815301076,1909f56bfc062723c751e8b465ee728b)
Start importing Assets/Polygon-City Megapolis/Prefab/Sea/SM_bathyscaphe.prefab using Guid(7b3f2459bd8f0d04292769ab4e4416da) Importer(815301076,1909f56bfc062723c751e8b465ee728b)  -> (artifact id: 'ead457ef1a1c3121374f4177366048ae') in 0.021150 seconds 
========================================================================
Received Import Request.
  Time since last request: 0.000024 seconds.
  path: Assets/Polygon-City Megapolis/Prefab/Sea/SM_deep_water_chute_01.prefab
  artifactKey: Guid(79c6369de63df874c81cd7d2ea953ca2) Importer(815301076,1909f56bfc062723c751e8b465ee728b)
Start importing Assets/Polygon-City Megapolis/Prefab/Sea/SM_deep_water_chute_01.prefab using Guid(79c6369de63df874c81cd7d2ea953ca2) Importer(815301076,1909f56bfc062723c751e8b465ee728b)  -> (artifact id: '5c173dd892b8bab05862154cb49c26bb') in 0.021388 seconds 
========================================================================
Received Import Request.
  Time since last request: 0.000047 seconds.
  path: Assets/Polygon-City Megapolis/Prefab/Sea/SM_coral_07.prefab
  artifactKey: Guid(67647b6fd54fc7f48ba22afe3bc51406) Importer(815301076,1909f56bfc062723c751e8b465ee728b)
Start importing Assets/Polygon-City Megapolis/Prefab/Sea/SM_coral_07.prefab using Guid(67647b6fd54fc7f48ba22afe3bc51406) Importer(815301076,1909f56bfc062723c751e8b465ee728b)  -> (artifact id: '02605e2425be6232c848533a2c2a3216') in 0.024140 seconds 
========================================================================
Received Import Request.
  Time since last request: 0.000082 seconds.
  path: Assets/Polygon-City Megapolis/Prefab/Sea/SM_shoal_01.prefab
  artifactKey: Guid(49078a71f01c1b94ea0a1f6739cdb62d) Importer(815301076,1909f56bfc062723c751e8b465ee728b)
Start importing Assets/Polygon-City Megapolis/Prefab/Sea/SM_shoal_01.prefab using Guid(49078a71f01c1b94ea0a1f6739cdb62d) Importer(815301076,1909f56bfc062723c751e8b465ee728b)  -> (artifact id: 'cbc4b27e650fe90f92f0984a66d9c2b0') in 0.023968 seconds 
========================================================================
Received Import Request.
  Time since last request: 0.000060 seconds.
  path: Assets/Polygon-City Megapolis/Prefab/Sea/SM_coral_03.prefab
  artifactKey: Guid(e618b4b5d34e6484fb8461121283a279) Importer(815301076,1909f56bfc062723c751e8b465ee728b)
Start importing Assets/Polygon-City Megapolis/Prefab/Sea/SM_coral_03.prefab using Guid(e618b4b5d34e6484fb8461121283a279) Importer(815301076,1909f56bfc062723c751e8b465ee728b)  -> (artifact id: 'daa323505653072d3bd5a6effbcbc231') in 0.026095 seconds 
========================================================================
Received Import Request.
  Time since last request: 0.000048 seconds.
  path: Assets/Polygon-City Megapolis/Prefab/Sea/SM_coral_02.prefab
  artifactKey: Guid(eec84ac043d69f24588b89a9d015d0e1) Importer(815301076,1909f56bfc062723c751e8b465ee728b)
Start importing Assets/Polygon-City Megapolis/Prefab/Sea/SM_coral_02.prefab using Guid(eec84ac043d69f24588b89a9d015d0e1) Importer(815301076,1909f56bfc062723c751e8b465ee728b)  -> (artifact id: '5d1f2a0e8883f451c609d41974d38536') in 0.022326 seconds 
========================================================================
Received Import Request.
  Time since last request: 0.000065 seconds.
  path: Assets/Polygon-City Megapolis/Prefab/Sea/SM_coral_04.prefab
  artifactKey: Guid(aaabf01077ce8fa47af8a1ec9ba12368) Importer(815301076,1909f56bfc062723c751e8b465ee728b)
Start importing Assets/Polygon-City Megapolis/Prefab/Sea/SM_coral_04.prefab using Guid(aaabf01077ce8fa47af8a1ec9ba12368) Importer(815301076,1909f56bfc062723c751e8b465ee728b)  -> (artifact id: 'f3095e4fdc423d4c23769c48d60cc81d') in 0.032149 seconds 
========================================================================
Received Import Request.
  Time since last request: 0.000040 seconds.
  path: Assets/Polygon-City Megapolis/Prefab/Sea/SM_ground_06.prefab
  artifactKey: Guid(092642d842b96f642b212a6ea02465f3) Importer(815301076,1909f56bfc062723c751e8b465ee728b)
Start importing Assets/Polygon-City Megapolis/Prefab/Sea/SM_ground_06.prefab using Guid(092642d842b96f642b212a6ea02465f3) Importer(815301076,1909f56bfc062723c751e8b465ee728b)  -> (artifact id: '88d6f98009bb9901f9122b61710f5a54') in 0.016956 seconds 
========================================================================
Received Import Request.
  Time since last request: 2.303291 seconds.
  path: Assets/Polygon-City Megapolis/Prefab/Vehicles/SM_Car_01.prefab
  artifactKey: Guid(cd2a58c58ab00764191d8ea3ecba9888) Importer(815301076,1909f56bfc062723c751e8b465ee728b)
Start importing Assets/Polygon-City Megapolis/Prefab/Vehicles/SM_Car_01.prefab using Guid(cd2a58c58ab00764191d8ea3ecba9888) Importer(815301076,1909f56bfc062723c751e8b465ee728b)  -> (artifact id: 'c07f0c9010b33002d911f8aaf2fc553f') in 0.032219 seconds 
========================================================================
Received Import Request.
  Time since last request: 0.000040 seconds.
  path: Assets/Polygon-City Megapolis/Prefab/Vehicles/SM_Midl_Car_02.prefab
  artifactKey: Guid(bfaea9c4e1ac8664794fbb055784d719) Importer(815301076,1909f56bfc062723c751e8b465ee728b)
Start importing Assets/Polygon-City Megapolis/Prefab/Vehicles/SM_Midl_Car_02.prefab using Guid(bfaea9c4e1ac8664794fbb055784d719) Importer(815301076,1909f56bfc062723c751e8b465ee728b)  -> (artifact id: 'bbe20293fcc297b1830fd750eb7c847f') in 0.025948 seconds 
========================================================================
Received Import Request.
  Time since last request: 0.000037 seconds.
  path: Assets/Polygon-City Megapolis/Prefab/Vehicles/SM_truck.prefab
  artifactKey: Guid(100b7109964e2804ea1d94d617502c5f) Importer(815301076,1909f56bfc062723c751e8b465ee728b)
Start importing Assets/Polygon-City Megapolis/Prefab/Vehicles/SM_truck.prefab using Guid(100b7109964e2804ea1d94d617502c5f) Importer(815301076,1909f56bfc062723c751e8b465ee728b)  -> (artifact id: 'cf89da290da8b90b32c273338d9af5ae') in 0.033109 seconds 
Editor requested this worker to shutdown with reason: Scaling down because of idle timeout
AssetImportWorker is now disconnected from the server
Process exiting
Exiting without the bug reporter. Application will terminate with return code 0