Using pre-set license
Built from '2021.3/staging' branch; Version is '2021.3.25f1 (68ef2c4f8861) revision 6876972'; Using compiler version '192829333'; Build Type 'Release'
OS: 'Windows 11  (10.0.22621) 64bit Enterprise' Language: 'en' Physical Memory: 16120 MB
BatchMode: 1, IsHumanControllingUs: 0, StartBugReporterOnCrash: 0, Is64bit: 1, IsPro: 1

COMMAND LINE ARGUMENTS:
C:\Program Files\Unity\Hub\Editor\2021.3.25f1\Editor\Unity.exe
-adb2
-batchMode
-noUpm
-name
AssetImportWorker2
-projectPath
C:/Users/ziobroa/Documents/GitHub/VR-Jam
-logFile
Logs/AssetImportWorker2.log
-srvPort
65124
Successfully changed project path to: C:/Users/ziobroa/Documents/GitHub/VR-Jam
C:/Users/ziobroa/Documents/GitHub/VR-Jam
[UnityMemory] Configuration Parameters - Can be set up in boot.config
    "memorysetup-bucket-allocator-granularity=16"
    "memorysetup-bucket-allocator-bucket-count=8"
    "memorysetup-bucket-allocator-block-size=33554432"
    "memorysetup-bucket-allocator-block-count=8"
    "memorysetup-main-allocator-block-size=16777216"
    "memorysetup-thread-allocator-block-size=16777216"
    "memorysetup-gfx-main-allocator-block-size=16777216"
    "memorysetup-gfx-thread-allocator-block-size=16777216"
    "memorysetup-cache-allocator-block-size=4194304"
    "memorysetup-typetree-allocator-block-size=2097152"
    "memorysetup-profiler-bucket-allocator-granularity=16"
    "memorysetup-profiler-bucket-allocator-bucket-count=8"
    "memorysetup-profiler-bucket-allocator-block-size=33554432"
    "memorysetup-profiler-bucket-allocator-block-count=8"
    "memorysetup-profiler-allocator-block-size=16777216"
    "memorysetup-profiler-editor-allocator-block-size=1048576"
    "memorysetup-temp-allocator-size-main=16777216"
    "memorysetup-job-temp-allocator-block-size=2097152"
    "memorysetup-job-temp-allocator-block-size-background=1048576"
    "memorysetup-job-temp-allocator-reduction-small-platforms=262144"
    "memorysetup-temp-allocator-size-background-worker=32768"
    "memorysetup-temp-allocator-size-job-worker=262144"
    "memorysetup-temp-allocator-size-preload-manager=33554432"
    "memorysetup-temp-allocator-size-nav-mesh-worker=65536"
    "memorysetup-temp-allocator-size-audio-worker=65536"
    "memorysetup-temp-allocator-size-cloud-worker=32768"
    "memorysetup-temp-allocator-size-gi-baking-worker=262144"
    "memorysetup-temp-allocator-size-gfx=262144"
Player connection [18200] Host "[IP] 10.220.33.222 [Port] 0 [Flags] 2 [Guid] 3054736085 [EditorId] 3054736085 [Version] 1048832 [Id] WindowsEditor(7,BY2027A88008336) [Debug] 1 [PackageName] WindowsEditor [ProjectName] Editor" joined multi-casting on [225.0.0.222:54997]...

Player connection [18200] Host "[IP] 10.220.33.222 [Port] 0 [Flags] 2 [Guid] 3054736085 [EditorId] 3054736085 [Version] 1048832 [Id] WindowsEditor(7,BY2027A88008336) [Debug] 1 [PackageName] WindowsEditor [ProjectName] Editor" joined alternative multi-casting on [225.0.0.222:34997]...

Refreshing native plugins compatible for Editor in 220.76 ms, found 14 plugins.
Preloading 1 native plugins for Editor in 0.73 ms.
Initialize engine version: 2021.3.25f1 (68ef2c4f8861)
[Subsystems] Discovering subsystems at path C:/Program Files/Unity/Hub/Editor/2021.3.25f1/Editor/Data/Resources/UnitySubsystems
[Subsystems] Discovering subsystems at path C:/Users/ziobroa/Documents/GitHub/VR-Jam/Assets
GfxDevice: creating device client; threaded=0; jobified=0
Direct3D:
    Version:  Direct3D 11.0 [level 11.1]
    Renderer: NVIDIA GeForce GTX 1650 Ti with Max-Q Design (ID=0x1f95)
    Vendor:   NVIDIA
    VRAM:     3949 MB
    Driver:   31.0.15.2802
Shader 'Oculus/OVRMRCameraFrameLit': fallback shader 'Alpha-Diffuse' not found
Initialize mono
Mono path[0] = 'C:/Program Files/Unity/Hub/Editor/2021.3.25f1/Editor/Data/Managed'
Mono path[1] = 'C:/Program Files/Unity/Hub/Editor/2021.3.25f1/Editor/Data/MonoBleedingEdge/lib/mono/unityjit-win32'
Mono config path = 'C:/Program Files/Unity/Hub/Editor/2021.3.25f1/Editor/Data/MonoBleedingEdge/etc'
Using monoOptions --debugger-agent=transport=dt_socket,embedding=1,server=y,suspend=n,address=127.0.0.1:56096
Begin MonoManager ReloadAssembly
Registering precompiled unity dll's ...
Register platform support module: C:/Program Files/Unity/Hub/Editor/2021.3.25f1/Editor/Data/PlaybackEngines/WindowsStandaloneSupport/UnityEditor.WindowsStandalone.Extensions.dll
Registered in 0.003633 seconds.
Native extension for WindowsStandalone target not found
Refreshing native plugins compatible for Editor in 128.19 ms, found 14 plugins.
Preloading 1 native plugins for Editor in 0.12 ms.
Mono: successfully reloaded assembly
- Completed reload, in  0.786 seconds
Domain Reload Profiling:
	ReloadAssembly (787ms)
		BeginReloadAssembly (107ms)
			ExecutionOrderSort (0ms)
			DisableScriptedObjects (0ms)
			BackupInstance (0ms)
			ReleaseScriptingObjects (0ms)
			CreateAndSetChildDomain (1ms)
		EndReloadAssembly (553ms)
			LoadAssemblies (105ms)
			RebuildTransferFunctionScriptingTraits (0ms)
			SetupTypeCache (151ms)
			ReleaseScriptCaches (0ms)
			RebuildScriptCaches (32ms)
			SetupLoadedEditorAssemblies (316ms)
				LogAssemblyErrors (0ms)
				InitializePlatformSupportModulesInManaged (8ms)
				SetLoadedEditorAssemblies (0ms)
				RefreshPlugins (128ms)
				BeforeProcessingInitializeOnLoad (1ms)
				ProcessInitializeOnLoadAttributes (137ms)
				ProcessInitializeOnLoadMethodAttributes (41ms)
				AfterProcessingInitializeOnLoad (0ms)
				EditorAssembliesLoaded (0ms)
			ExecutionOrderSort2 (0ms)
			AwakeInstancesAfterBackupRestoration (0ms)
Platform modules already initialized, skipping
Registering precompiled user dll's ...
Registered in 0.009237 seconds.
Begin MonoManager ReloadAssembly
Symbol file LoadedFromMemory doesn't match image C:\Users\ziobroa\Documents\GitHub\VR-Jam\Library\PackageCache\com.unity.visualscripting@1.8.0\Editor\VisualScripting.Core\Dependencies\DotNetZip\Unity.VisualScripting.IonicZip.dll
Symbol file LoadedFromMemory doesn't match image C:\Users\ziobroa\Documents\GitHub\VR-Jam\Library\PackageCache\com.unity.visualscripting@1.8.0\Editor\VisualScripting.Core\Dependencies\YamlDotNet\Unity.VisualScripting.YamlDotNet.dll
Native extension for WindowsStandalone target not found
Refreshing native plugins compatible for Editor in 129.96 ms, found 14 plugins.
Preloading 1 native plugins for Editor in 0.12 ms.
Package Manager log level set to [2]
[XR] OculusXRPlugin: registering subsystems
[XR] Unable to register display lifecyle provider: [1]
[XR] Oculus Input lifecycle provider registered.
[XR] Unable to register input lifecyle provider: [1]
[XR] OVRP version 1.86.1
Mono: successfully reloaded assembly
- Completed reload, in  1.470 seconds
Domain Reload Profiling:
	ReloadAssembly (1471ms)
		BeginReloadAssembly (110ms)
			ExecutionOrderSort (0ms)
			DisableScriptedObjects (5ms)
			BackupInstance (0ms)
			ReleaseScriptingObjects (0ms)
			CreateAndSetChildDomain (18ms)
		EndReloadAssembly (1255ms)
			LoadAssemblies (103ms)
			RebuildTransferFunctionScriptingTraits (0ms)
			SetupTypeCache (311ms)
			ReleaseScriptCaches (1ms)
			RebuildScriptCaches (81ms)
			SetupLoadedEditorAssemblies (715ms)
				LogAssemblyErrors (0ms)
				InitializePlatformSupportModulesInManaged (4ms)
				SetLoadedEditorAssemblies (0ms)
				RefreshPlugins (130ms)
				BeforeProcessingInitializeOnLoad (110ms)
				ProcessInitializeOnLoadAttributes (443ms)
				ProcessInitializeOnLoadMethodAttributes (23ms)
				AfterProcessingInitializeOnLoad (5ms)
				EditorAssembliesLoaded (0ms)
			ExecutionOrderSort2 (0ms)
			AwakeInstancesAfterBackupRestoration (7ms)
Platform modules already initialized, skipping
========================================================================
Worker process is ready to serve import requests
Shader 'Oculus/OVRMRCameraFrameLit': fallback shader 'Alpha-Diffuse' not found
Launched and connected shader compiler UnityShaderCompiler.exe after 0.05 seconds
Refreshing native plugins compatible for Editor in 2.11 ms, found 14 plugins.
Preloading 1 native plugins for Editor in 0.15 ms.
Unloading 5451 Unused Serialized files (Serialized files now loaded: 0)
Unloading 80 unused Assets / (146.1 KB). Loaded Objects now: 5866.
Memory consumption went from 203.6 MB to 203.4 MB.
Total: 5.165000 ms (FindLiveObjects: 0.440500 ms CreateObjectMapping: 0.331900 ms MarkObjects: 4.156700 ms  DeleteObjects: 0.234200 ms)

AssetImportParameters requested are different than current active one (requested -> active):
  custom:video-decoder-ogg-theora: a1e56fd34408186e4bbccfd4996cb3dc -> 
  custom:container-muxer-webm: aa71ff27fc2769a1b78a27578f13a17b -> 
  custom:container-demuxer-webm: 4f35f7cbe854078d1ac9338744f61a02 -> 
  custom:video-encoder-webm-vp8: eb34c28f22e8b96e1ab97ce403110664 -> 
  custom:audio-encoder-webm-vorbis: bf7c407c2cedff20999df2af8eb42d56 -> 
  custom:framework-win-MediaFoundation: 216162199b28c13a410421893ffa2e32 -> 
  custom:container-demuxer-ogg: 62fdf1f143b41e24485cea50d1cbac27 -> 
  custom:video-decoder-webm-vp8: 9c59270c3fd7afecdb556c50c9e8de78 -> 
  custom:audio-decoder-ogg-vorbis: bf7c407c2cedff20999df2af8eb42d56 -> 
========================================================================
Received Import Request.
  Time since last request: 92705.316446 seconds.
  path: Assets/Polygon-City Megapolis/Prefab/Landscape
  artifactKey: Guid(97dea770768b7a84886e135faafc2be4) Importer(815301076,1909f56bfc062723c751e8b465ee728b)
Start importing Assets/Polygon-City Megapolis/Prefab/Landscape using Guid(97dea770768b7a84886e135faafc2be4) Importer(815301076,1909f56bfc062723c751e8b465ee728b)  -> (artifact id: 'd272c8d819b73d50ea51c1f54a434a5d') in 0.016112 seconds 
========================================================================
Received Import Request.
  Time since last request: 0.092965 seconds.
  path: Assets/Polygon-City Megapolis/Prefab/Landscape/SM_bush_01.prefab
  artifactKey: Guid(b54816561aec15c4b987ed624d72d88e) Importer(815301076,1909f56bfc062723c751e8b465ee728b)
Start importing Assets/Polygon-City Megapolis/Prefab/Landscape/SM_bush_01.prefab using Guid(b54816561aec15c4b987ed624d72d88e) Importer(815301076,1909f56bfc062723c751e8b465ee728b)  -> (artifact id: 'f0599ba27974b1a0c4a97dbfecc5a3c9') in 0.407098 seconds 
========================================================================
Received Import Request.
  Time since last request: 0.000096 seconds.
  path: Assets/Polygon-City Megapolis/Prefab/Landscape/SM_Land_02_A.prefab
  artifactKey: Guid(48ff07b96f0558446946316583ea6fce) Importer(815301076,1909f56bfc062723c751e8b465ee728b)
Start importing Assets/Polygon-City Megapolis/Prefab/Landscape/SM_Land_02_A.prefab using Guid(48ff07b96f0558446946316583ea6fce) Importer(815301076,1909f56bfc062723c751e8b465ee728b)  -> (artifact id: '88757e7d9c37e588b24b83c4a89b9635') in 0.025793 seconds 
========================================================================
Received Import Request.
  Time since last request: 0.000036 seconds.
  path: Assets/Polygon-City Megapolis/Prefab/Landscape/SM_Land_01_C.prefab
  artifactKey: Guid(2e9f1c0621c80aa45ad26e72929aadcb) Importer(815301076,1909f56bfc062723c751e8b465ee728b)
Start importing Assets/Polygon-City Megapolis/Prefab/Landscape/SM_Land_01_C.prefab using Guid(2e9f1c0621c80aa45ad26e72929aadcb) Importer(815301076,1909f56bfc062723c751e8b465ee728b)  -> (artifact id: 'e11e1557ba5e8d07f2f707a0007ad4d1') in 0.023787 seconds 
========================================================================
Received Import Request.
  Time since last request: 0.000022 seconds.
  path: Assets/Polygon-City Megapolis/Prefab/Landscape/SM_ground_04.prefab
  artifactKey: Guid(ee12c87ccbdc9c84392128984112acd2) Importer(815301076,1909f56bfc062723c751e8b465ee728b)
Start importing Assets/Polygon-City Megapolis/Prefab/Landscape/SM_ground_04.prefab using Guid(ee12c87ccbdc9c84392128984112acd2) Importer(815301076,1909f56bfc062723c751e8b465ee728b)  -> (artifact id: '4a0bfbb0390e18526d95a48cda2c9485') in 0.023595 seconds 
========================================================================
Received Import Request.
  Time since last request: 0.000022 seconds.
  path: Assets/Polygon-City Megapolis/Prefab/Landscape/SM_Land_02.prefab
  artifactKey: Guid(86d4769ec3d0cfb4eada96aab11ef68d) Importer(815301076,1909f56bfc062723c751e8b465ee728b)
Start importing Assets/Polygon-City Megapolis/Prefab/Landscape/SM_Land_02.prefab using Guid(86d4769ec3d0cfb4eada96aab11ef68d) Importer(815301076,1909f56bfc062723c751e8b465ee728b)  -> (artifact id: '89211b7c6edb66bc3bf2e7ca63e93528') in 0.022314 seconds 
========================================================================
Received Import Request.
  Time since last request: 0.000042 seconds.
  path: Assets/Polygon-City Megapolis/Prefab/Landscape/SM_high_grass_09.prefab
  artifactKey: Guid(add31b0da1ce9da469ce2a5dda8d50c1) Importer(815301076,1909f56bfc062723c751e8b465ee728b)
Start importing Assets/Polygon-City Megapolis/Prefab/Landscape/SM_high_grass_09.prefab using Guid(add31b0da1ce9da469ce2a5dda8d50c1) Importer(815301076,1909f56bfc062723c751e8b465ee728b)  -> (artifact id: '18bb53209a6bab9dc21bcaaaca3af9b3') in 0.026305 seconds 
========================================================================
Received Import Request.
  Time since last request: 0.000026 seconds.
  path: Assets/Polygon-City Megapolis/Prefab/Landscape/SM_ground_03.prefab
  artifactKey: Guid(45657ccd4f2c1a84f99f790672e61ede) Importer(815301076,1909f56bfc062723c751e8b465ee728b)
Start importing Assets/Polygon-City Megapolis/Prefab/Landscape/SM_ground_03.prefab using Guid(45657ccd4f2c1a84f99f790672e61ede) Importer(815301076,1909f56bfc062723c751e8b465ee728b)  -> (artifact id: '1d08b3c02fc85e1f5365f51dfb986b98') in 0.023618 seconds 
========================================================================
Received Import Request.
  Time since last request: 0.000027 seconds.
  path: Assets/Polygon-City Megapolis/Prefab/Landscape/SM_ground_06.prefab
  artifactKey: Guid(564505538b67f4a4e9a559e2308ddcd3) Importer(815301076,1909f56bfc062723c751e8b465ee728b)
Start importing Assets/Polygon-City Megapolis/Prefab/Landscape/SM_ground_06.prefab using Guid(564505538b67f4a4e9a559e2308ddcd3) Importer(815301076,1909f56bfc062723c751e8b465ee728b)  -> (artifact id: '618fff08ebedc33cc5d16d76ed276bb5') in 0.022628 seconds 
========================================================================
Received Import Request.
  Time since last request: 0.000030 seconds.
  path: Assets/Polygon-City Megapolis/Prefab/Landscape/SM_hight_tree_05.prefab
  artifactKey: Guid(0b819b81f875a8549bacc98255122efd) Importer(815301076,1909f56bfc062723c751e8b465ee728b)
Start importing Assets/Polygon-City Megapolis/Prefab/Landscape/SM_hight_tree_05.prefab using Guid(0b819b81f875a8549bacc98255122efd) Importer(815301076,1909f56bfc062723c751e8b465ee728b)  -> (artifact id: 'f3351ef3d9932934e50affd4e47b62c7') in 0.026853 seconds 
========================================================================
Received Import Request.
  Time since last request: 0.000153 seconds.
  path: Assets/Polygon-City Megapolis/Prefab/Landscape/SM_hight_tree_09.prefab
  artifactKey: Guid(2a5b7a0731a73d94fa8279e9948d69f3) Importer(815301076,1909f56bfc062723c751e8b465ee728b)
Start importing Assets/Polygon-City Megapolis/Prefab/Landscape/SM_hight_tree_09.prefab using Guid(2a5b7a0731a73d94fa8279e9948d69f3) Importer(815301076,1909f56bfc062723c751e8b465ee728b)  -> (artifact id: 'db909d1138ed8e53a06abfecbfea2362') in 0.026911 seconds 
========================================================================
Received Import Request.
  Time since last request: 0.009109 seconds.
  path: Assets/Polygon-City Megapolis/Prefab/Landscape/SM_Land_04_C.prefab
  artifactKey: Guid(39d3f0ed343142f4c918be2247c91308) Importer(815301076,1909f56bfc062723c751e8b465ee728b)
Start importing Assets/Polygon-City Megapolis/Prefab/Landscape/SM_Land_04_C.prefab using Guid(39d3f0ed343142f4c918be2247c91308) Importer(815301076,1909f56bfc062723c751e8b465ee728b)  -> (artifact id: '7949311e9d619fa8dc98b4a2d5f021c8') in 0.019479 seconds 
========================================================================
Received Import Request.
  Time since last request: 0.000048 seconds.
  path: Assets/Polygon-City Megapolis/Prefab/Landscape/SM_small_tree_05.prefab
  artifactKey: Guid(c893f7f5f4dc7f4489c1d4f6ff6dcfde) Importer(815301076,1909f56bfc062723c751e8b465ee728b)
Start importing Assets/Polygon-City Megapolis/Prefab/Landscape/SM_small_tree_05.prefab using Guid(c893f7f5f4dc7f4489c1d4f6ff6dcfde) Importer(815301076,1909f56bfc062723c751e8b465ee728b)  -> (artifact id: 'c5a85b7476e0337dc71fcd20c6baad9a') in 0.021243 seconds 
========================================================================
Received Import Request.
  Time since last request: 0.000039 seconds.
  path: Assets/Polygon-City Megapolis/Prefab/Landscape/SM_stone_04.prefab
  artifactKey: Guid(4d9f1bd66c756bb4dae804a7ff9e8fea) Importer(815301076,1909f56bfc062723c751e8b465ee728b)
Start importing Assets/Polygon-City Megapolis/Prefab/Landscape/SM_stone_04.prefab using Guid(4d9f1bd66c756bb4dae804a7ff9e8fea) Importer(815301076,1909f56bfc062723c751e8b465ee728b)  -> (artifact id: 'f7b015d7120caa382fcc46177e348817') in 0.025789 seconds 
========================================================================
Received Import Request.
  Time since last request: 0.000022 seconds.
  path: Assets/Polygon-City Megapolis/Prefab/Landscape/SM_small_tree_01.prefab
  artifactKey: Guid(86012ec779db404489369aa4819e60ba) Importer(815301076,1909f56bfc062723c751e8b465ee728b)
Start importing Assets/Polygon-City Megapolis/Prefab/Landscape/SM_small_tree_01.prefab using Guid(86012ec779db404489369aa4819e60ba) Importer(815301076,1909f56bfc062723c751e8b465ee728b)  -> (artifact id: 'e1273062976aa9faa33004a4e293e339') in 0.022427 seconds 
========================================================================
Received Import Request.
  Time since last request: 0.000024 seconds.
  path: Assets/Polygon-City Megapolis/Prefab/Landscape/SM_rock_03.prefab
  artifactKey: Guid(b168afed1872b6b49b652bd638e0eb2e) Importer(815301076,1909f56bfc062723c751e8b465ee728b)
Start importing Assets/Polygon-City Megapolis/Prefab/Landscape/SM_rock_03.prefab using Guid(b168afed1872b6b49b652bd638e0eb2e) Importer(815301076,1909f56bfc062723c751e8b465ee728b)  -> (artifact id: '852929cfdbd6da60a9da8e8b7630ce17') in 0.024774 seconds 
========================================================================
Received Import Request.
  Time since last request: 0.000029 seconds.
  path: Assets/Polygon-City Megapolis/Prefab/Landscape/SM_moss_02.prefab
  artifactKey: Guid(820a6e64f6ccbaa49a2662acbcabf983) Importer(815301076,1909f56bfc062723c751e8b465ee728b)
Start importing Assets/Polygon-City Megapolis/Prefab/Landscape/SM_moss_02.prefab using Guid(820a6e64f6ccbaa49a2662acbcabf983) Importer(815301076,1909f56bfc062723c751e8b465ee728b)  -> (artifact id: '3b41bfbfd684cddf835a1737cea02b67') in 0.024988 seconds 
========================================================================
Received Import Request.
  Time since last request: 0.000035 seconds.
  path: Assets/Polygon-City Megapolis/Prefab/Landscape/SM_path_01.prefab
  artifactKey: Guid(9d57bce50d2bea14e875ede12817e701) Importer(815301076,1909f56bfc062723c751e8b465ee728b)
Start importing Assets/Polygon-City Megapolis/Prefab/Landscape/SM_path_01.prefab using Guid(9d57bce50d2bea14e875ede12817e701) Importer(815301076,1909f56bfc062723c751e8b465ee728b)  -> (artifact id: 'cdb706f6b857e10f03c714dd1c9dd889') in 0.023193 seconds 
========================================================================
Received Import Request.
  Time since last request: 0.000022 seconds.
  path: Assets/Polygon-City Megapolis/Prefab/Landscape/SM_Land_04_E.prefab
  artifactKey: Guid(75d65c2ada41cc243ad45b1b70dffde2) Importer(815301076,1909f56bfc062723c751e8b465ee728b)
Start importing Assets/Polygon-City Megapolis/Prefab/Landscape/SM_Land_04_E.prefab using Guid(75d65c2ada41cc243ad45b1b70dffde2) Importer(815301076,1909f56bfc062723c751e8b465ee728b)  -> (artifact id: '7485dec597b29fb31e6957b3b08a27b3') in 0.023542 seconds 
========================================================================
Received Import Request.
  Time since last request: 0.000020 seconds.
  path: Assets/Polygon-City Megapolis/Prefab/Landscape/SM_river_01.prefab
  artifactKey: Guid(c1d70f967244ac84bb249dad8334f4d9) Importer(815301076,1909f56bfc062723c751e8b465ee728b)
Start importing Assets/Polygon-City Megapolis/Prefab/Landscape/SM_river_01.prefab using Guid(c1d70f967244ac84bb249dad8334f4d9) Importer(815301076,1909f56bfc062723c751e8b465ee728b)  -> (artifact id: '412d4d1cc7c99cabd7931412215b697b') in 0.026554 seconds 
========================================================================
Received Import Request.
  Time since last request: 0.000029 seconds.
  path: Assets/Polygon-City Megapolis/Prefab/Landscape/SM_path_02.prefab
  artifactKey: Guid(c00cf45afa25ac14f9c01d4b2ea2acdb) Importer(815301076,1909f56bfc062723c751e8b465ee728b)
Start importing Assets/Polygon-City Megapolis/Prefab/Landscape/SM_path_02.prefab using Guid(c00cf45afa25ac14f9c01d4b2ea2acdb) Importer(815301076,1909f56bfc062723c751e8b465ee728b)  -> (artifact id: '80a030a4f3d1f11c35f8f85373c58765') in 0.023391 seconds 
========================================================================
Received Import Request.
  Time since last request: 0.000031 seconds.
  path: Assets/Polygon-City Megapolis/Prefab/Landscape/SM_small_tree_03.prefab
  artifactKey: Guid(a5bacb7414b2dce428aa47a359aea06d) Importer(815301076,1909f56bfc062723c751e8b465ee728b)
Start importing Assets/Polygon-City Megapolis/Prefab/Landscape/SM_small_tree_03.prefab using Guid(a5bacb7414b2dce428aa47a359aea06d) Importer(815301076,1909f56bfc062723c751e8b465ee728b)  -> (artifact id: 'cb2233b0f52c25f0fae3969b79a12d78') in 0.024926 seconds 
========================================================================
Received Import Request.
  Time since last request: 0.000023 seconds.
  path: Assets/Polygon-City Megapolis/Prefab/Landscape/SM_small_tree_02.prefab
  artifactKey: Guid(a650f90cebf304b4ea2212353e68dae2) Importer(815301076,1909f56bfc062723c751e8b465ee728b)
Start importing Assets/Polygon-City Megapolis/Prefab/Landscape/SM_small_tree_02.prefab using Guid(a650f90cebf304b4ea2212353e68dae2) Importer(815301076,1909f56bfc062723c751e8b465ee728b)  -> (artifact id: 'b019bff5430f4927a89448f0c28bb620') in 0.031329 seconds 
========================================================================
Received Import Request.
  Time since last request: 11.165637 seconds.
  path: Assets/Polygon-City Megapolis/Textures/Polygon_Texture.png
  artifactKey: Guid(98e0fca65bfc78f42a56c1b8b40e766d) Importer(815301076,1909f56bfc062723c751e8b465ee728b)
Start importing Assets/Polygon-City Megapolis/Textures/Polygon_Texture.png using Guid(98e0fca65bfc78f42a56c1b8b40e766d) Importer(815301076,1909f56bfc062723c751e8b465ee728b)  -> (artifact id: '8a321ea104967970d608711971414dbe') in 0.028067 seconds 
========================================================================
Received Import Request.
  Time since last request: 3.772880 seconds.
  path: Assets/Polygon-City Megapolis/Textures
  artifactKey: Guid(056e0fedca8105e4aa32b297ad7b4760) Importer(815301076,1909f56bfc062723c751e8b465ee728b)
Start importing Assets/Polygon-City Megapolis/Textures using Guid(056e0fedca8105e4aa32b297ad7b4760) Importer(815301076,1909f56bfc062723c751e8b465ee728b)  -> (artifact id: '93b60f82f32c1e7fb0d52872e68f4358') in 0.010307 seconds 
========================================================================
Received Import Request.
  Time since last request: 16.560907 seconds.
  path: Assets/Polygon-City Megapolis/Prefab/Sea
  artifactKey: Guid(65e0f874cdb66634ca61479f7cf45049) Importer(815301076,1909f56bfc062723c751e8b465ee728b)
Start importing Assets/Polygon-City Megapolis/Prefab/Sea using Guid(65e0f874cdb66634ca61479f7cf45049) Importer(815301076,1909f56bfc062723c751e8b465ee728b)  -> (artifact id: 'd45a9618526005a6ca68a0fff502ea71') in 0.011135 seconds 
========================================================================
Received Import Request.
  Time since last request: 0.086182 seconds.
  path: Assets/Polygon-City Megapolis/Prefab/Sea/SM_anchor.prefab
  artifactKey: Guid(278b3358f854c194d958535b0ea30b3a) Importer(815301076,1909f56bfc062723c751e8b465ee728b)
Start importing Assets/Polygon-City Megapolis/Prefab/Sea/SM_anchor.prefab using Guid(278b3358f854c194d958535b0ea30b3a) Importer(815301076,1909f56bfc062723c751e8b465ee728b)  -> (artifact id: 'ef0ab268bc60ebeec577b3dc82137fea') in 0.018950 seconds 
========================================================================
Received Import Request.
  Time since last request: 0.000024 seconds.
  path: Assets/Polygon-City Megapolis/Prefab/Sea/SM_ground_04.prefab
  artifactKey: Guid(929f51be4c7f1644387f8d52b786f937) Importer(815301076,1909f56bfc062723c751e8b465ee728b)
Start importing Assets/Polygon-City Megapolis/Prefab/Sea/SM_ground_04.prefab using Guid(929f51be4c7f1644387f8d52b786f937) Importer(815301076,1909f56bfc062723c751e8b465ee728b)  -> (artifact id: 'f30c557379e9397c7a3cb2bc09115578') in 0.020602 seconds 
========================================================================
Received Import Request.
  Time since last request: 0.000022 seconds.
  path: Assets/Polygon-City Megapolis/Prefab/Sea/SM_coral_06.prefab
  artifactKey: Guid(e757e7a1401824d458cfc321ba47c70c) Importer(815301076,1909f56bfc062723c751e8b465ee728b)
Start importing Assets/Polygon-City Megapolis/Prefab/Sea/SM_coral_06.prefab using Guid(e757e7a1401824d458cfc321ba47c70c) Importer(815301076,1909f56bfc062723c751e8b465ee728b)  -> (artifact id: '94b4ee0321b8e9ff1636bdf8bf9b0135') in 0.021167 seconds 
========================================================================
Received Import Request.
  Time since last request: 0.000026 seconds.
  path: Assets/Polygon-City Megapolis/Prefab/Sea/SM_deep_water_chute_02.prefab
  artifactKey: Guid(45b3d81bc0700f74f97ad57f6c6ec996) Importer(815301076,1909f56bfc062723c751e8b465ee728b)
Start importing Assets/Polygon-City Megapolis/Prefab/Sea/SM_deep_water_chute_02.prefab using Guid(45b3d81bc0700f74f97ad57f6c6ec996) Importer(815301076,1909f56bfc062723c751e8b465ee728b)  -> (artifact id: '4a05e4506a855b55cbf42b21ede29171') in 0.021086 seconds 
========================================================================
Received Import Request.
  Time since last request: 0.000028 seconds.
  path: Assets/Polygon-City Megapolis/Prefab/Sea/SM_coral_05.prefab
  artifactKey: Guid(31dacf397bcd45747bc6a3b7293f8b6b) Importer(815301076,1909f56bfc062723c751e8b465ee728b)
Start importing Assets/Polygon-City Megapolis/Prefab/Sea/SM_coral_05.prefab using Guid(31dacf397bcd45747bc6a3b7293f8b6b) Importer(815301076,1909f56bfc062723c751e8b465ee728b)  -> (artifact id: '6e3bb7ea46644faf6c22836409330f33') in 0.023614 seconds 
========================================================================
Received Import Request.
  Time since last request: 0.000032 seconds.
  path: Assets/Polygon-City Megapolis/Prefab/Sea/SM_ground_05.prefab
  artifactKey: Guid(893be7b3fbf06f343adced94108f22c3) Importer(815301076,1909f56bfc062723c751e8b465ee728b)
Start importing Assets/Polygon-City Megapolis/Prefab/Sea/SM_ground_05.prefab using Guid(893be7b3fbf06f343adced94108f22c3) Importer(815301076,1909f56bfc062723c751e8b465ee728b)  -> (artifact id: 'dbddda95d1163ee96226a88820f57b4f') in 0.019055 seconds 
========================================================================
Received Import Request.
  Time since last request: 0.000040 seconds.
  path: Assets/Polygon-City Megapolis/Prefab/Sea/SM_sunken_ship.prefab
  artifactKey: Guid(73efcbcd36174d04ab720055ec934825) Importer(815301076,1909f56bfc062723c751e8b465ee728b)
Start importing Assets/Polygon-City Megapolis/Prefab/Sea/SM_sunken_ship.prefab using Guid(73efcbcd36174d04ab720055ec934825) Importer(815301076,1909f56bfc062723c751e8b465ee728b)  -> (artifact id: 'b36de76d325734b4674d43ca07f6fdcb') in 0.024686 seconds 
========================================================================
Received Import Request.
  Time since last request: 0.000275 seconds.
  path: Assets/Polygon-City Megapolis/Prefab/Sea/SM_shoal_02.prefab
  artifactKey: Guid(f0ca63e08fb48be4e9b580fec600edd4) Importer(815301076,1909f56bfc062723c751e8b465ee728b)
Start importing Assets/Polygon-City Megapolis/Prefab/Sea/SM_shoal_02.prefab using Guid(f0ca63e08fb48be4e9b580fec600edd4) Importer(815301076,1909f56bfc062723c751e8b465ee728b)  -> (artifact id: 'ca9a68841c0cd95297492c2761a1952b') in 0.024833 seconds 
========================================================================
Received Import Request.
  Time since last request: 2.235816 seconds.
  path: Assets/Polygon-City Megapolis/Prefab/Vehicles
  artifactKey: Guid(6467f67fd54aab14dbf363eb3f1ec5cd) Importer(815301076,1909f56bfc062723c751e8b465ee728b)
Start importing Assets/Polygon-City Megapolis/Prefab/Vehicles using Guid(6467f67fd54aab14dbf363eb3f1ec5cd) Importer(815301076,1909f56bfc062723c751e8b465ee728b)  -> (artifact id: '19e6e620e33a0a03bcfb4ca0de084ebf') in 0.008655 seconds 
========================================================================
Received Import Request.
  Time since last request: 0.071250 seconds.
  path: Assets/Polygon-City Megapolis/Prefab/Vehicles/SM_Ambulance.prefab
  artifactKey: Guid(02e9d7fd7cb32234ea539465112c6d5d) Importer(815301076,1909f56bfc062723c751e8b465ee728b)
Start importing Assets/Polygon-City Megapolis/Prefab/Vehicles/SM_Ambulance.prefab using Guid(02e9d7fd7cb32234ea539465112c6d5d) Importer(815301076,1909f56bfc062723c751e8b465ee728b)  -> (artifact id: '56e3e67667abb9bf004738fe08c6a1ed') in 0.055909 seconds 
========================================================================
Received Import Request.
  Time since last request: 0.000031 seconds.
  path: Assets/Polygon-City Megapolis/Prefab/Vehicles/SM_Premium_Car_02.prefab
  artifactKey: Guid(abec963e837824c48b851af2b6d4629b) Importer(815301076,1909f56bfc062723c751e8b465ee728b)
Start importing Assets/Polygon-City Megapolis/Prefab/Vehicles/SM_Premium_Car_02.prefab using Guid(abec963e837824c48b851af2b6d4629b) Importer(815301076,1909f56bfc062723c751e8b465ee728b)  -> (artifact id: '634bd5ca7f2f9ae03b25dcdc3e48a96b') in 0.032690 seconds 
========================================================================
Received Import Request.
  Time since last request: 0.000072 seconds.
  path: Assets/Polygon-City Megapolis/Prefab/Vehicles/SM_Premium_Car_01.prefab
  artifactKey: Guid(ca361e4d337f60a4a8e687972b86e08a) Importer(815301076,1909f56bfc062723c751e8b465ee728b)
Start importing Assets/Polygon-City Megapolis/Prefab/Vehicles/SM_Premium_Car_01.prefab using Guid(ca361e4d337f60a4a8e687972b86e08a) Importer(815301076,1909f56bfc062723c751e8b465ee728b)  -> (artifact id: 'bc047cc9e415aa6190dd9269c0af5995') in 0.024662 seconds 
========================================================================
Received Prepare
Registering precompiled user dll's ...
Registered in 0.010904 seconds.
Begin MonoManager ReloadAssembly
Symbol file LoadedFromMemory doesn't match image C:\Users\ziobroa\Documents\GitHub\VR-Jam\Library\PackageCache\com.unity.visualscripting@1.8.0\Editor\VisualScripting.Core\Dependencies\DotNetZip\Unity.VisualScripting.IonicZip.dll
Symbol file LoadedFromMemory doesn't match image C:\Users\ziobroa\Documents\GitHub\VR-Jam\Library\PackageCache\com.unity.visualscripting@1.8.0\Editor\VisualScripting.Core\Dependencies\YamlDotNet\Unity.VisualScripting.YamlDotNet.dll
Native extension for WindowsStandalone target not found
Refreshing native plugins compatible for Editor in 1.54 ms, found 14 plugins.
Preloading 1 native plugins for Editor in 0.16 ms.
[Package Manager] Server::EnsureServerProcessIsRunning -- launch failed, reason: Unity was launched with the -noUpm command-line argument
[Package Manager] Cannot connect to Unity Package Manager local server
[Package Manager] Server::EnsureServerProcessIsRunning -- launch failed, reason: Unity was launched with the -noUpm command-line argument
[Package Manager] Cannot connect to Unity Package Manager local server
[Package Manager] Server::EnsureServerProcessIsRunning -- launch failed, reason: Unity was launched with the -noUpm command-line argument
[Package Manager] Cannot connect to Unity Package Manager local server
[Package Manager] Server::EnsureServerProcessIsRunning -- launch failed, reason: Unity was launched with the -noUpm command-line argument
[Package Manager] Cannot connect to Unity Package Manager local server
Mono: successfully reloaded assembly
- Completed reload, in  1.342 seconds
Domain Reload Profiling:
	ReloadAssembly (1343ms)
		BeginReloadAssembly (154ms)
			ExecutionOrderSort (0ms)
			DisableScriptedObjects (5ms)
			BackupInstance (0ms)
			ReleaseScriptingObjects (0ms)
			CreateAndSetChildDomain (44ms)
		EndReloadAssembly (1069ms)
			LoadAssemblies (101ms)
			RebuildTransferFunctionScriptingTraits (0ms)
			SetupTypeCache (360ms)
			ReleaseScriptCaches (1ms)
			RebuildScriptCaches (48ms)
			SetupLoadedEditorAssemblies (515ms)
				LogAssemblyErrors (0ms)
				InitializePlatformSupportModulesInManaged (5ms)
				SetLoadedEditorAssemblies (0ms)
				RefreshPlugins (2ms)
				BeforeProcessingInitializeOnLoad (96ms)
				ProcessInitializeOnLoadAttributes (383ms)
				ProcessInitializeOnLoadMethodAttributes (23ms)
				AfterProcessingInitializeOnLoad (5ms)
				EditorAssembliesLoaded (0ms)
			ExecutionOrderSort2 (0ms)
			AwakeInstancesAfterBackupRestoration (6ms)
Platform modules already initialized, skipping
Shader 'Oculus/OVRMRCameraFrameLit': fallback shader 'Alpha-Diffuse' not found
Refreshing native plugins compatible for Editor in 8.67 ms, found 14 plugins.
Preloading 1 native plugins for Editor in 0.06 ms.
Unloading 5358 Unused Serialized files (Serialized files now loaded: 0)
Unloading 70 unused Assets / (113.0 KB). Loaded Objects now: 5886.
Memory consumption went from 199.6 MB to 199.4 MB.
Total: 3.756900 ms (FindLiveObjects: 0.392900 ms CreateObjectMapping: 0.272600 ms MarkObjects: 2.936700 ms  DeleteObjects: 0.153100 ms)

AssetImportParameters requested are different than current active one (requested -> active):
  custom:video-decoder-ogg-theora: a1e56fd34408186e4bbccfd4996cb3dc -> 
  custom:container-muxer-webm: aa71ff27fc2769a1b78a27578f13a17b -> 
  custom:container-demuxer-webm: 4f35f7cbe854078d1ac9338744f61a02 -> 
  custom:video-encoder-webm-vp8: eb34c28f22e8b96e1ab97ce403110664 -> 
  custom:audio-encoder-webm-vorbis: bf7c407c2cedff20999df2af8eb42d56 -> 
  custom:framework-win-MediaFoundation: 216162199b28c13a410421893ffa2e32 -> 
  custom:container-demuxer-ogg: 62fdf1f143b41e24485cea50d1cbac27 -> 
  custom:video-decoder-webm-vp8: 9c59270c3fd7afecdb556c50c9e8de78 -> 
  custom:audio-decoder-ogg-vorbis: bf7c407c2cedff20999df2af8eb42d56 -> 
